quiz1/android/app/build/intermediates/manifest_merge_blame_file/debug/manifest-merger-blame-debug-report.txt
1<?xml version="1.0" encoding="utf-8"?>
2<manifest xmlns:android="http://schemas.android.com/apk/res/android"
3    package="com.quiz_app"
4    android:versionCode="1"
5    android:versionName="1.0" >
6
7    <uses-sdk
8        android:minSdkVersion="16"
9        android:targetSdkVersion="29" />
10
11    <uses-permission android:name="android.permission.SYSTEM_ALERT_WINDOW" />
11-->src/debug/AndroidManifest.xml:5:5-77
11-->src/debug/AndroidManifest.xml:5:22-75
12    <uses-permission android:name="android.permission.INTERNET" />
12-->src/main/AndroidManifest.xml:4:5-67
12-->src/main/AndroidManifest.xml:4:22-64
13    <uses-permission android:name="android.permission.ACCESS_WIFI_STATE" />
13-->[com.facebook.flipper:flipper:0.54.0] AndroidManifest.xml:16:5-76
13-->[com.facebook.flipper:flipper:0.54.0] AndroidManifest.xml:16:22-73
14    <uses-permission android:name="android.permission.WAKE_LOCK" />
14-->[:react-native-firebase_admob] AndroidManifest.xml:12:5-68
14-->[:react-native-firebase_admob] AndroidManifest.xml:12:22-65
15    <uses-permission android:name="android.permission.ACCESS_NETWORK_STATE" />
15-->[:react-native-firebase_admob] AndroidManifest.xml:13:5-79
15-->[:react-native-firebase_admob] AndroidManifest.xml:13:22-76
16    <uses-permission android:name="com.google.android.finsky.permission.BIND_GET_INSTALL_REFERRER_SERVICE" />
16-->[com.google.android.gms:play-services-measurement:18.0.0] AndroidManifest.xml:26:5-110
16-->[com.google.android.gms:play-services-measurement:18.0.0] AndroidManifest.xml:26:22-107
17    <uses-permission android:name="android.permission.RECEIVE_BOOT_COMPLETED" />
17-->[androidx.work:work-runtime:2.1.0] AndroidManifest.xml:27:5-81
17-->[androidx.work:work-runtime:2.1.0] AndroidManifest.xml:27:22-78
18
19    <application
19-->src/main/AndroidManifest.xml:6:5-25:19
20        android:name="com.quiz_app.MainApplication"
20-->src/main/AndroidManifest.xml:7:7-38
21        android:allowBackup="false"
21-->src/main/AndroidManifest.xml:11:7-34
22        android:appComponentFactory="androidx.core.app.CoreComponentFactory"
22-->[androidx.core:core:1.2.0] AndroidManifest.xml:24:18-86
23        android:debuggable="true"
24        android:icon="@mipmap/ic_launcher"
24-->src/main/AndroidManifest.xml:9:7-41
25        android:label="@string/app_name"
25-->src/main/AndroidManifest.xml:8:7-39
26        android:roundIcon="@mipmap/ic_launcher_round"
26-->src/main/AndroidManifest.xml:10:7-52
27        android:theme="@style/AppTheme"
27-->src/main/AndroidManifest.xml:12:7-38
28        android:usesCleartextTraffic="true" >
28-->src/debug/AndroidManifest.xml:7:18-53
29        <activity
29-->src/main/AndroidManifest.xml:13:7-23:18
30            android:name="com.quiz_app.MainActivity"
30-->src/main/AndroidManifest.xml:14:9-37
31            android:configChanges="keyboard|keyboardHidden|orientation|screenSize|uiMode"
31-->src/main/AndroidManifest.xml:16:9-86
32            android:label="@string/app_name"
32-->src/main/AndroidManifest.xml:15:9-41
33            android:launchMode="singleTask"
33-->src/main/AndroidManifest.xml:17:9-40
34            android:windowSoftInputMode="adjustResize" >
34-->src/main/AndroidManifest.xml:18:9-51
35            <intent-filter>
35-->src/main/AndroidManifest.xml:19:9-22:25
36                <action android:name="android.intent.action.MAIN" />
36-->src/main/AndroidManifest.xml:20:13-65
36-->src/main/AndroidManifest.xml:20:21-62
37
38                <category android:name="android.intent.category.LAUNCHER" />
38-->src/main/AndroidManifest.xml:21:13-73
38-->src/main/AndroidManifest.xml:21:23-70
39            </intent-filter>
40        </activity>
41        <activity android:name="com.facebook.react.devsupport.DevSettingsActivity" />
41-->src/main/AndroidManifest.xml:24:7-84
41-->src/main/AndroidManifest.xml:24:17-81
42
43        <meta-data
43-->[:react-native-firebase_admob] AndroidManifest.xml:16:9-18:70
44            android:name="com.google.android.gms.ads.APPLICATION_ID"
44-->[:react-native-firebase_admob] AndroidManifest.xml:17:13-69
45            android:value="ca-app-pub-8007060527404229~1772099713" />
45-->[:react-native-firebase_admob] AndroidManifest.xml:18:13-67
46        <meta-data
46-->[:react-native-firebase_admob] AndroidManifest.xml:19:9-21:37
47            android:name="com.google.android.gms.ads.DELAY_APP_MEASUREMENT_INIT"
47-->[:react-native-firebase_admob] AndroidManifest.xml:20:13-81
48            android:value="false" />
48-->[:react-native-firebase_admob] AndroidManifest.xml:21:13-34
49
50        <service
50-->[com.google.firebase:firebase-firestore:22.0.0] AndroidManifest.xml:17:9-23:19
51            android:name="com.google.firebase.components.ComponentDiscoveryService"
51-->[com.google.firebase:firebase-firestore:22.0.0] AndroidManifest.xml:18:13-84
52            android:directBootAware="true"
52-->[com.google.firebase:firebase-common:19.3.1] AndroidManifest.xml:35:13-43
53            android:exported="false" >
53-->[com.google.firebase:firebase-firestore:22.0.0] AndroidManifest.xml:19:13-37
54            <meta-data
54-->[com.google.firebase:firebase-firestore:22.0.0] AndroidManifest.xml:20:13-22:85
55                android:name="com.google.firebase.components:com.google.firebase.firestore.FirestoreRegistrar"
55-->[com.google.firebase:firebase-firestore:22.0.0] AndroidManifest.xml:21:17-111
56                android:value="com.google.firebase.components.ComponentRegistrar" />
56-->[com.google.firebase:firebase-firestore:22.0.0] AndroidManifest.xml:22:17-82
57            <meta-data
57-->[com.google.android.gms:play-services-measurement-api:18.0.0] AndroidManifest.xml:30:13-32:85
58                android:name="com.google.firebase.components:com.google.firebase.analytics.connector.internal.AnalyticsConnectorRegistrar"
58-->[com.google.android.gms:play-services-measurement-api:18.0.0] AndroidManifest.xml:31:17-139
59                android:value="com.google.firebase.components.ComponentRegistrar" />
59-->[com.google.android.gms:play-services-measurement-api:18.0.0] AndroidManifest.xml:32:17-82
60            <meta-data
60-->[com.google.firebase:firebase-installations:16.3.3] AndroidManifest.xml:17:13-19:85
61                android:name="com.google.firebase.components:com.google.firebase.installations.FirebaseInstallationsRegistrar"
61-->[com.google.firebase:firebase-installations:16.3.3] AndroidManifest.xml:18:17-127
62                android:value="com.google.firebase.components.ComponentRegistrar" />
62-->[com.google.firebase:firebase-installations:16.3.3] AndroidManifest.xml:19:17-82
63        </service>
64
65        <activity
65-->[com.google.android.gms:play-services-auth:18.1.0] AndroidManifest.xml:23:9-27:75
66            android:name="com.google.android.gms.auth.api.signin.internal.SignInHubActivity"
66-->[com.google.android.gms:play-services-auth:18.1.0] AndroidManifest.xml:24:13-93
67            android:excludeFromRecents="true"
67-->[com.google.android.gms:play-services-auth:18.1.0] AndroidManifest.xml:25:13-46
68            android:exported="false"
68-->[com.google.android.gms:play-services-auth:18.1.0] AndroidManifest.xml:26:13-37
69            android:theme="@android:style/Theme.Translucent.NoTitleBar" />
69-->[com.google.android.gms:play-services-auth:18.1.0] AndroidManifest.xml:27:13-72
70        <!--
71            Service handling Google Sign-In user revocation. For apps that do not integrate with
72            Google Sign-In, this service will never be started.
73        -->
74        <service
74-->[com.google.android.gms:play-services-auth:18.1.0] AndroidManifest.xml:33:9-37:51
75            android:name="com.google.android.gms.auth.api.signin.RevocationBoundService"
75-->[com.google.android.gms:play-services-auth:18.1.0] AndroidManifest.xml:34:13-89
76            android:exported="true"
76-->[com.google.android.gms:play-services-auth:18.1.0] AndroidManifest.xml:35:13-36
77            android:permission="com.google.android.gms.auth.api.signin.permission.REVOCATION_NOTIFICATION"
77-->[com.google.android.gms:play-services-auth:18.1.0] AndroidManifest.xml:36:13-107
78            android:visibleToInstantApps="true" />
78-->[com.google.android.gms:play-services-auth:18.1.0] AndroidManifest.xml:37:13-48
79
80        <activity
80-->[com.google.android.gms:play-services-base:17.1.0] AndroidManifest.xml:23:9-26:75
81            android:name="com.google.android.gms.common.api.GoogleApiActivity"
81-->[com.google.android.gms:play-services-base:17.1.0] AndroidManifest.xml:24:13-79
82            android:exported="false"
82-->[com.google.android.gms:play-services-base:17.1.0] AndroidManifest.xml:25:13-37
83            android:theme="@android:style/Theme.Translucent.NoTitleBar" />
83-->[com.google.android.gms:play-services-base:17.1.0] AndroidManifest.xml:26:13-72
84
85        <provider
85-->[com.google.firebase:firebase-common:19.3.1] AndroidManifest.xml:26:9-31:39
86            android:name="com.google.firebase.provider.FirebaseInitProvider"
86-->[com.google.firebase:firebase-common:19.3.1] AndroidManifest.xml:27:13-77
87            android:authorities="com.quiz_app.firebaseinitprovider"
87-->[com.google.firebase:firebase-common:19.3.1] AndroidManifest.xml:28:13-72
88            android:directBootAware="true"
88-->[com.google.firebase:firebase-common:19.3.1] AndroidManifest.xml:29:13-43
89            android:exported="false"
89-->[com.google.firebase:firebase-common:19.3.1] AndroidManifest.xml:30:13-37
90            android:initOrder="100" />
90-->[com.google.firebase:firebase-common:19.3.1] AndroidManifest.xml:31:13-36
91
92        <receiver
92-->[com.google.android.gms:play-services-measurement:18.0.0] AndroidManifest.xml:29:9-33:20
93            android:name="com.google.android.gms.measurement.AppMeasurementReceiver"
93-->[com.google.android.gms:play-services-measurement:18.0.0] AndroidManifest.xml:30:13-85
94            android:enabled="true"
94-->[com.google.android.gms:play-services-measurement:18.0.0] AndroidManifest.xml:31:13-35
95            android:exported="false" >
95-->[com.google.android.gms:play-services-measurement:18.0.0] AndroidManifest.xml:32:13-37
96        </receiver>
97
98        <service
98-->[com.google.android.gms:play-services-measurement:18.0.0] AndroidManifest.xml:35:9-38:40
99            android:name="com.google.android.gms.measurement.AppMeasurementService"
99-->[com.google.android.gms:play-services-measurement:18.0.0] AndroidManifest.xml:36:13-84
100            android:enabled="true"
100-->[com.google.android.gms:play-services-measurement:18.0.0] AndroidManifest.xml:37:13-35
101            android:exported="false" />
101-->[com.google.android.gms:play-services-measurement:18.0.0] AndroidManifest.xml:38:13-37
102        <service
102-->[com.google.android.gms:play-services-measurement:18.0.0] AndroidManifest.xml:39:9-43:72
103            android:name="com.google.android.gms.measurement.AppMeasurementJobService"
103-->[com.google.android.gms:play-services-measurement:18.0.0] AndroidManifest.xml:40:13-87
104            android:enabled="true"
104-->[com.google.android.gms:play-services-measurement:18.0.0] AndroidManifest.xml:41:13-35
105            android:exported="false"
105-->[com.google.android.gms:play-services-measurement:18.0.0] AndroidManifest.xml:42:13-37
106            android:permission="android.permission.BIND_JOB_SERVICE" /> <!-- Include the AdActivity and InAppPurchaseActivity configChanges and themes. -->
106-->[com.google.android.gms:play-services-measurement:18.0.0] AndroidManifest.xml:43:13-69
107        <activity
107-->[com.google.android.gms:play-services-ads-lite:19.5.0] AndroidManifest.xml:29:9-33:64
108            android:name="com.google.android.gms.ads.AdActivity"
108-->[com.google.android.gms:play-services-ads-lite:19.5.0] AndroidManifest.xml:30:13-65
109            android:configChanges="keyboard|keyboardHidden|orientation|screenLayout|uiMode|screenSize|smallestScreenSize"
109-->[com.google.android.gms:play-services-ads-lite:19.5.0] AndroidManifest.xml:31:13-122
110            android:exported="false"
110-->[com.google.android.gms:play-services-ads-lite:19.5.0] AndroidManifest.xml:32:13-37
111            android:theme="@android:style/Theme.Translucent" />
111-->[com.google.android.gms:play-services-ads-lite:19.5.0] AndroidManifest.xml:33:13-61
112
113        <provider
113-->[com.google.android.gms:play-services-ads-lite:19.5.0] AndroidManifest.xml:35:9-39:39
114            android:name="com.google.android.gms.ads.MobileAdsInitProvider"
114-->[com.google.android.gms:play-services-ads-lite:19.5.0] AndroidManifest.xml:36:13-76
115            android:authorities="com.quiz_app.mobileadsinitprovider"
115-->[com.google.android.gms:play-services-ads-lite:19.5.0] AndroidManifest.xml:37:13-73
116            android:exported="false"
116-->[com.google.android.gms:play-services-ads-lite:19.5.0] AndroidManifest.xml:38:13-37
117            android:initOrder="100" />
117-->[com.google.android.gms:play-services-ads-lite:19.5.0] AndroidManifest.xml:39:13-36
118
119        <service
119-->[com.google.android.gms:play-services-ads-lite:19.5.0] AndroidManifest.xml:41:9-44:40
120            android:name="com.google.android.gms.ads.AdService"
120-->[com.google.android.gms:play-services-ads-lite:19.5.0] AndroidManifest.xml:42:13-64
121            android:enabled="true"
121-->[com.google.android.gms:play-services-ads-lite:19.5.0] AndroidManifest.xml:43:13-35
122            android:exported="false" />
122-->[com.google.android.gms:play-services-ads-lite:19.5.0] AndroidManifest.xml:44:13-37
123
124        <meta-data
124-->[com.google.android.gms:play-services-basement:17.3.0] AndroidManifest.xml:23:9-25:69
125            android:name="com.google.android.gms.version"
125-->[com.google.android.gms:play-services-basement:17.3.0] AndroidManifest.xml:24:13-58
126            android:value="@integer/google_play_services_version" />
126-->[com.google.android.gms:play-services-basement:17.3.0] AndroidManifest.xml:25:13-66
127
128        <provider
128-->[androidx.work:work-runtime:2.1.0] AndroidManifest.xml:30:9-36:35
129            android:name="androidx.work.impl.WorkManagerInitializer"
129-->[androidx.work:work-runtime:2.1.0] AndroidManifest.xml:31:13-69
130            android:authorities="com.quiz_app.workmanager-init"
130-->[androidx.work:work-runtime:2.1.0] AndroidManifest.xml:32:13-68
131            android:directBootAware="false"
131-->[androidx.work:work-runtime:2.1.0] AndroidManifest.xml:33:13-44
132            android:exported="false"
132-->[androidx.work:work-runtime:2.1.0] AndroidManifest.xml:34:13-37
133            android:multiprocess="true" />
133-->[androidx.work:work-runtime:2.1.0] AndroidManifest.xml:35:13-40
134
135        <service
135-->[androidx.work:work-runtime:2.1.0] AndroidManifest.xml:38:9-43:35
136            android:name="androidx.work.impl.background.systemalarm.SystemAlarmService"
136-->[androidx.work:work-runtime:2.1.0] AndroidManifest.xml:39:13-88
137            android:directBootAware="false"
137-->[androidx.work:work-runtime:2.1.0] AndroidManifest.xml:40:13-44
138            android:enabled="@bool/enable_system_alarm_service_default"
138-->[androidx.work:work-runtime:2.1.0] AndroidManifest.xml:41:13-72
139            android:exported="false" />
139-->[androidx.work:work-runtime:2.1.0] AndroidManifest.xml:42:13-37
140        <service
140-->[androidx.work:work-runtime:2.1.0] AndroidManifest.xml:44:9-50:35
141            android:name="androidx.work.impl.background.systemjob.SystemJobService"
141-->[androidx.work:work-runtime:2.1.0] AndroidManifest.xml:45:13-84
142            android:directBootAware="false"
142-->[androidx.work:work-runtime:2.1.0] AndroidManifest.xml:46:13-44
143            android:enabled="@bool/enable_system_job_service_default"
143-->[androidx.work:work-runtime:2.1.0] AndroidManifest.xml:47:13-70
144            android:exported="true"
144-->[androidx.work:work-runtime:2.1.0] AndroidManifest.xml:48:13-36
145            android:permission="android.permission.BIND_JOB_SERVICE" />
145-->[androidx.work:work-runtime:2.1.0] AndroidManifest.xml:49:13-69
146
147        <receiver
147-->[androidx.work:work-runtime:2.1.0] AndroidManifest.xml:52:9-57:35
148            android:name="androidx.work.impl.utils.ForceStopRunnable$BroadcastReceiver"
148-->[androidx.work:work-runtime:2.1.0] AndroidManifest.xml:53:13-88
149            android:directBootAware="false"
149-->[androidx.work:work-runtime:2.1.0] AndroidManifest.xml:54:13-44
150            android:enabled="true"
150-->[androidx.work:work-runtime:2.1.0] AndroidManifest.xml:55:13-35
151            android:exported="false" />
151-->[androidx.work:work-runtime:2.1.0] AndroidManifest.xml:56:13-37
152        <receiver
152-->[androidx.work:work-runtime:2.1.0] AndroidManifest.xml:58:9-68:20
153            android:name="androidx.work.impl.background.systemalarm.ConstraintProxy$BatteryChargingProxy"
153-->[androidx.work:work-runtime:2.1.0] AndroidManifest.xml:59:13-106
154            android:directBootAware="false"
154-->[androidx.work:work-runtime:2.1.0] AndroidManifest.xml:60:13-44
155            android:enabled="false"
155-->[androidx.work:work-runtime:2.1.0] AndroidManifest.xml:61:13-36
156            android:exported="false" >
156-->[androidx.work:work-runtime:2.1.0] AndroidManifest.xml:62:13-37
157            <intent-filter>
157-->[androidx.work:work-runtime:2.1.0] AndroidManifest.xml:64:13-67:29
158                <action android:name="android.intent.action.ACTION_POWER_CONNECTED" />
158-->[androidx.work:work-runtime:2.1.0] AndroidManifest.xml:65:17-87
158-->[androidx.work:work-runtime:2.1.0] AndroidManifest.xml:65:25-84
159                <action android:name="android.intent.action.ACTION_POWER_DISCONNECTED" />
159-->[androidx.work:work-runtime:2.1.0] AndroidManifest.xml:66:17-90
159-->[androidx.work:work-runtime:2.1.0] AndroidManifest.xml:66:25-87
160            </intent-filter>
161        </receiver>
162        <receiver
162-->[androidx.work:work-runtime:2.1.0] AndroidManifest.xml:69:9-79:20
163            android:name="androidx.work.impl.background.systemalarm.ConstraintProxy$BatteryNotLowProxy"
163-->[androidx.work:work-runtime:2.1.0] AndroidManifest.xml:70:13-104
164            android:directBootAware="false"
164-->[androidx.work:work-runtime:2.1.0] AndroidManifest.xml:71:13-44
165            android:enabled="false"
165-->[androidx.work:work-runtime:2.1.0] AndroidManifest.xml:72:13-36
166            android:exported="false" >
166-->[androidx.work:work-runtime:2.1.0] AndroidManifest.xml:73:13-37
167            <intent-filter>
167-->[androidx.work:work-runtime:2.1.0] AndroidManifest.xml:75:13-78:29
168                <action android:name="android.intent.action.BATTERY_OKAY" />
168-->[androidx.work:work-runtime:2.1.0] AndroidManifest.xml:76:17-77
168-->[androidx.work:work-runtime:2.1.0] AndroidManifest.xml:76:25-74
169                <action android:name="android.intent.action.BATTERY_LOW" />
169-->[androidx.work:work-runtime:2.1.0] AndroidManifest.xml:77:17-76
169-->[androidx.work:work-runtime:2.1.0] AndroidManifest.xml:77:25-73
170            </intent-filter>
171        </receiver>
172        <receiver
172-->[androidx.work:work-runtime:2.1.0] AndroidManifest.xml:80:9-90:20
173            android:name="androidx.work.impl.background.systemalarm.ConstraintProxy$StorageNotLowProxy"
173-->[androidx.work:work-runtime:2.1.0] AndroidManifest.xml:81:13-104
174            android:directBootAware="false"
174-->[androidx.work:work-runtime:2.1.0] AndroidManifest.xml:82:13-44
175            android:enabled="false"
175-->[androidx.work:work-runtime:2.1.0] AndroidManifest.xml:83:13-36
176            android:exported="false" >
176-->[androidx.work:work-runtime:2.1.0] AndroidManifest.xml:84:13-37
177            <intent-filter>
177-->[androidx.work:work-runtime:2.1.0] AndroidManifest.xml:86:13-89:29
178                <action android:name="android.intent.action.DEVICE_STORAGE_LOW" />
178-->[androidx.work:work-runtime:2.1.0] AndroidManifest.xml:87:17-83
178-->[androidx.work:work-runtime:2.1.0] AndroidManifest.xml:87:25-80
179                <action android:name="android.intent.action.DEVICE_STORAGE_OK" />
179-->[androidx.work:work-runtime:2.1.0] AndroidManifest.xml:88:17-82
179-->[androidx.work:work-runtime:2.1.0] AndroidManifest.xml:88:25-79
180            </intent-filter>
181        </receiver>
182        <receiver
182-->[androidx.work:work-runtime:2.1.0] AndroidManifest.xml:91:9-100:20
183            android:name="androidx.work.impl.background.systemalarm.ConstraintProxy$NetworkStateProxy"
183-->[androidx.work:work-runtime:2.1.0] AndroidManifest.xml:92:13-103
184            android:directBootAware="false"
184-->[androidx.work:work-runtime:2.1.0] AndroidManifest.xml:93:13-44
185            android:enabled="false"
185-->[androidx.work:work-runtime:2.1.0] AndroidManifest.xml:94:13-36
186            android:exported="false" >
186-->[androidx.work:work-runtime:2.1.0] AndroidManifest.xml:95:13-37
187            <intent-filter>
187-->[androidx.work:work-runtime:2.1.0] AndroidManifest.xml:97:13-99:29
188                <action android:name="android.net.conn.CONNECTIVITY_CHANGE" />
188-->[androidx.work:work-runtime:2.1.0] AndroidManifest.xml:98:17-79
188-->[androidx.work:work-runtime:2.1.0] AndroidManifest.xml:98:25-76
189            </intent-filter>
190        </receiver>
191        <receiver
191-->[androidx.work:work-runtime:2.1.0] AndroidManifest.xml:101:9-112:20
192            android:name="androidx.work.impl.background.systemalarm.RescheduleReceiver"
192-->[androidx.work:work-runtime:2.1.0] AndroidManifest.xml:102:13-88
193            android:directBootAware="false"
193-->[androidx.work:work-runtime:2.1.0] AndroidManifest.xml:103:13-44
194            android:enabled="false"
194-->[androidx.work:work-runtime:2.1.0] AndroidManifest.xml:104:13-36
195            android:exported="false" >
195-->[androidx.work:work-runtime:2.1.0] AndroidManifest.xml:105:13-37
196            <intent-filter>
196-->[androidx.work:work-runtime:2.1.0] AndroidManifest.xml:107:13-111:29
197                <action android:name="android.intent.action.BOOT_COMPLETED" />
197-->[androidx.work:work-runtime:2.1.0] AndroidManifest.xml:108:17-79
197-->[androidx.work:work-runtime:2.1.0] AndroidManifest.xml:108:25-76
198                <action android:name="android.intent.action.TIME_SET" />
198-->[androidx.work:work-runtime:2.1.0] AndroidManifest.xml:109:17-73
198-->[androidx.work:work-runtime:2.1.0] AndroidManifest.xml:109:25-70
199                <action android:name="android.intent.action.TIMEZONE_CHANGED" />
199-->[androidx.work:work-runtime:2.1.0] AndroidManifest.xml:110:17-81
199-->[androidx.work:work-runtime:2.1.0] AndroidManifest.xml:110:25-78
200            </intent-filter>
201        </receiver>
202        <receiver
202-->[androidx.work:work-runtime:2.1.0] AndroidManifest.xml:113:9-122:20
203            android:name="androidx.work.impl.background.systemalarm.ConstraintProxyUpdateReceiver"
203-->[androidx.work:work-runtime:2.1.0] AndroidManifest.xml:114:13-99
204            android:directBootAware="false"
204-->[androidx.work:work-runtime:2.1.0] AndroidManifest.xml:115:13-44
205            android:enabled="@bool/enable_system_alarm_service_default"
205-->[androidx.work:work-runtime:2.1.0] AndroidManifest.xml:116:13-72
206            android:exported="false" >
206-->[androidx.work:work-runtime:2.1.0] AndroidManifest.xml:117:13-37
207            <intent-filter>
207-->[androidx.work:work-runtime:2.1.0] AndroidManifest.xml:119:13-121:29
208                <action android:name="androidx.work.impl.background.systemalarm.UpdateProxies" />
208-->[androidx.work:work-runtime:2.1.0] AndroidManifest.xml:120:17-98
208-->[androidx.work:work-runtime:2.1.0] AndroidManifest.xml:120:25-95
209            </intent-filter>
210        </receiver>
211
212        <service
212-->[androidx.room:room-runtime:2.1.0] AndroidManifest.xml:25:9-27:40
213            android:name="androidx.room.MultiInstanceInvalidationService"
213-->[androidx.room:room-runtime:2.1.0] AndroidManifest.xml:26:13-74
214            android:exported="false" />
214-->[androidx.room:room-runtime:2.1.0] AndroidManifest.xml:27:13-37
215    </application>
216
217</manifest>